Arguments: 
  /usr/local/bin/node /usr/local/Cellar/yarn/1.22.10/libexec/bin/yarn.js add react-bootstrap@next bootstrap@5.1.1

PATH: 
  /usr/local/bin:/usr/bin:/bin:/usr/sbin:/sbin:/usr/local/sbin

Yarn version: 
  1.22.10

Node version: 
  14.16.1

Platform: 
  darwin x64

Trace: 
  Error: EINVAL: invalid argument, mkdir '/Users/apple/Projects/awesome-lowcode/node_modules/umi/node_modules/@types'

npm manifest: 
  {
    "private": true,
    "scripts": {
      "start": "umi dev",
      "build": "umi build",
      "postinstall": "umi generate tmp",
      "prettier": "prettier --write '**/*.{js,jsx,tsx,ts,less,md,json}'",
      "test": "umi-test",
      "test:coverage": "umi-test --coverage"
    },
    "dependencies": {
      "@ant-design/icons": "^4.6.4",
      "@ant-design/pro-layout": "^6.24.3",
      "@antv/data-set": "^0.11.0",
      "@uiw/react-monacoeditor": "^3.4.3",
      "@umijs/fabric": "^2.6.4",
      "@umijs/plugin-esbuild": "^1.3.1",
      "@umijs/route-utils": "^1.0.37",
      "antd": "^4.16.13",
      "bizcharts": "^3.5.3-beta.0",
      "bizcharts-plugin-slider": "^2.1.1-beta.1",
      "hyperscript": "^2.0.2",
      "immer": "^9.0.5",
      "inversify": "^5.1.1",
      "moment": "^2.22.2",
      "monaco-editor": "^0.27.0",
      "monaco-editor-webpack-plugin": "^4.1.2",
      "numeral": "^2.0.6",
      "react": "17.x",
      "react-dnd": "^14.0.3",
      "react-dnd-html5-backend": "^14.0.1",
      "react-dom": "17.x",
      "react-draggable": "^4.4.4",
      "react-fittext": "^1.0.0",
      "react-monaco-editor": "^0.44.0",
      "recoil": "^0.4.1",
      "umi": "^3.5.17"
    },
    "devDependencies": {
      "@types/hyperscript": "^0.0.4",
      "@types/react": "^17.0.0",
      "@types/react-dom": "^17.0.0",
      "@umijs/preset-react": "1.x",
      "@umijs/test": "^3.5.17",
      "lint-staged": "^10.0.7",
      "prettier": "^2.4.0",
      "typescript": "^4.1.2",
      "yorkie": "^2.0.0"
    }
  }

yarn manifest: 
  No manifest

Lockfile: 
  No lockfile
